[2025-10-28 22:54:05] 🔎 Checking https://lazylogic.netlify.app ...
[2025-10-28 22:54:05] ⚠️ Ping failed for lazylogic.netlify.app — possible network issue.
[2025-10-28 22:54:05] 🔎 Checking https://lazylogic.org ...
[2025-10-28 22:54:05] ✅ https://lazylogic.org verified clean and reachable.
[2025-10-29 14:00:00] 🔎 Checking https://lazylogic.netlify.app ...
[2025-10-29 14:00:00] ⚠️ Ping failed for lazylogic.netlify.app — possible network issue.
[2025-10-29 14:00:00] 🔎 Checking https://lazylogic.org ...
[2025-10-29 14:00:00] ✅ https://lazylogic.org verified clean and reachable.
[2025-10-29 14:15:07] 🔎 Checking https://lazylogic.netlify.app ...
[2025-10-29 14:15:07] ❌ Empty response for https://lazylogic.netlify.app. Flushing DNS and retrying...
[2025-10-29 14:15:07] ⚠️ Ping failed for lazylogic.netlify.app — possible network issue.
[2025-10-29 14:15:07] 🔎 Checking https://lazylogic.org ...
[2025-10-29 14:15:07] ✅ https://lazylogic.org verified clean and reachable.
[2025-10-29 14:30:56] 🔎 Checking https://lazylogic.netlify.app ...
[2025-10-29 14:30:56] ⚠️ Ping failed for lazylogic.netlify.app — possible network issue.
[2025-10-29 14:30:56] 🔎 Checking https://lazylogic.org ...
[2025-10-29 14:30:56] ✅ https://lazylogic.org verified clean and reachable.
[2025-10-29 14:45:23] 🔎 Checking https://lazylogic.netlify.app ...
[2025-10-29 14:45:23] ⚠️ Ping failed for lazylogic.netlify.app — possible network issue.
[2025-10-29 14:45:23] 🔎 Checking https://lazylogic.org ...
[2025-10-29 14:45:23] ✅ https://lazylogic.org verified clean and reachable.
[2025-10-29 15:30:16] 🔎 Checking https://lazylogic.netlify.app ...
[2025-10-29 15:30:16] ⚠️ Ping failed for lazylogic.netlify.app — possible network issue.
[2025-10-29 15:30:16] 🔎 Checking https://lazylogic.org ...
[2025-10-29 15:30:16] ✅ https://lazylogic.org verified clean and reachable.
[2025-10-29 15:45:59] 🔎 Checking https://lazylogic.netlify.app ...
[2025-10-29 15:45:59] ⚠️ Ping failed for lazylogic.netlify.app — possible network issue.
[2025-10-29 15:45:59] 🔎 Checking https://lazylogic.org ...
[2025-10-29 15:45:59] ✅ https://lazylogic.org verified clean and reachable.
[2025-10-29 16:00:00] 🔎 Checking https://lazylogic.netlify.app ...
[2025-10-29 16:00:00] ⚠️ Ping failed for lazylogic.netlify.app — possible network issue.
[2025-10-29 16:00:00] 🔎 Checking https://lazylogic.org ...
[2025-10-29 16:00:00] ✅ https://lazylogic.org verified clean and reachable.
[2025-10-29 16:15:00] 🔎 Checking https://lazylogic.netlify.app ...
[2025-10-29 16:15:00] ⚠️ Ping failed for lazylogic.netlify.app — possible network issue.
[2025-10-29 16:15:00] 🔎 Checking https://lazylogic.org ...
[2025-10-29 16:15:00] ✅ https://lazylogic.org verified clean and reachable.
[2025-10-29 16:30:00] 🔎 Checking https://lazylogic.netlify.app ...
[2025-10-29 16:30:00] ⚠️ Ping failed for lazylogic.netlify.app — possible network issue.
[2025-10-29 16:30:00] 🔎 Checking https://lazylogic.org ...
[2025-10-29 16:30:00] ✅ https://lazylogic.org verified clean and reachable.
[2025-10-29 16:45:00] 🔎 Checking https://lazylogic.netlify.app ...
[2025-10-29 16:45:00] ⚠️ Ping failed for lazylogic.netlify.app — possible network issue.
[2025-10-29 16:45:00] 🔎 Checking https://lazylogic.org ...
[2025-10-29 16:45:00] ✅ https://lazylogic.org verified clean and reachable.
[2025-10-29 17:00:01] 🔎 Checking https://lazylogic.netlify.app ...
[2025-10-29 17:00:01] ⚠️ Ping failed for lazylogic.netlify.app — possible network issue.
[2025-10-29 17:00:01] 🔎 Checking https://lazylogic.org ...
[2025-10-29 17:00:01] ✅ https://lazylogic.org verified clean and reachable.
[2025-10-29 17:15:49] 🔎 Checking https://lazylogic.netlify.app ...
[2025-10-29 17:15:49] ⚠️ Ping failed for lazylogic.netlify.app — possible network issue.
[2025-10-29 17:15:49] 🔎 Checking https://lazylogic.org ...
[2025-10-29 17:15:49] ✅ https://lazylogic.org verified clean and reachable.
[2025-10-29 17:30:00] 🔎 Checking https://lazylogic.netlify.app ...
[2025-10-29 17:30:00] ⚠️ Ping failed for lazylogic.netlify.app — possible network issue.
[2025-10-29 17:30:00] 🔎 Checking https://lazylogic.org ...
[2025-10-29 17:30:00] ✅ https://lazylogic.org verified clean and reachable.
[2025-10-29 17:45:00] 🔎 Checking https://lazylogic.netlify.app ...
[2025-10-29 17:45:00] ⚠️ Ping failed for lazylogic.netlify.app — possible network issue.
[2025-10-29 17:45:00] 🔎 Checking https://lazylogic.org ...
[2025-10-29 17:45:00] ✅ https://lazylogic.org verified clean and reachable.
[2025-10-29 18:00:00] 🔎 Checking https://lazylogic.netlify.app ...
[2025-10-29 18:00:00] ⚠️ Ping failed for lazylogic.netlify.app — possible network issue.
[2025-10-29 18:00:00] 🔎 Checking https://lazylogic.org ...
[2025-10-29 18:00:00] ✅ https://lazylogic.org verified clean and reachable.
[2025-10-29 18:15:39] 🔎 Checking https://lazylogic.netlify.app ...
[2025-10-29 18:15:39] ⚠️ Ping failed for lazylogic.netlify.app — possible network issue.
[2025-10-29 18:15:39] 🔎 Checking https://lazylogic.org ...
[2025-10-29 18:15:39] ✅ https://lazylogic.org verified clean and reachable.
[2025-10-29 18:30:05] 🔎 Checking https://lazylogic.netlify.app ...
[2025-10-29 18:30:05] ⚠️ Ping failed for lazylogic.netlify.app — possible network issue.
[2025-10-29 18:30:05] 🔎 Checking https://lazylogic.org ...
[2025-10-29 18:30:05] ✅ https://lazylogic.org verified clean and reachable.
[2025-10-29 18:45:00] 🔎 Checking https://lazylogic.netlify.app ...
[2025-10-29 18:45:00] ⚠️ Ping failed for lazylogic.netlify.app — possible network issue.
[2025-10-29 18:45:00] 🔎 Checking https://lazylogic.org ...
[2025-10-29 18:45:00] ✅ https://lazylogic.org verified clean and reachable.
[2025-10-29 19:00:00] 🔎 Checking https://lazylogic.netlify.app ...
[2025-10-29 19:00:00] ⚠️ Ping failed for lazylogic.netlify.app — possible network issue.
[2025-10-29 19:00:00] 🔎 Checking https://lazylogic.org ...
[2025-10-29 19:00:00] ✅ https://lazylogic.org verified clean and reachable.
[2025-10-29 19:15:00] 🔎 Checking https://lazylogic.netlify.app ...
[2025-10-29 19:15:00] ⚠️ Ping failed for lazylogic.netlify.app — possible network issue.
[2025-10-29 19:15:00] 🔎 Checking https://lazylogic.org ...
[2025-10-29 19:15:00] ✅ https://lazylogic.org verified clean and reachable.
[2025-10-29 19:30:01] 🔎 Checking https://lazylogic.netlify.app ...
[2025-10-29 19:30:01] ⚠️ Ping failed for lazylogic.netlify.app — possible network issue.
[2025-10-29 19:30:01] 🔎 Checking https://lazylogic.org ...
[2025-10-29 19:30:01] ✅ https://lazylogic.org verified clean and reachable.
[2025-10-29 19:45:00] 🔎 Checking https://lazylogic.netlify.app ...
[2025-10-29 19:45:00] ⚠️ Ping failed for lazylogic.netlify.app — possible network issue.
[2025-10-29 19:45:00] 🔎 Checking https://lazylogic.org ...
[2025-10-29 19:45:00] ✅ https://lazylogic.org verified clean and reachable.
[2025-10-29 20:00:58] 🔎 Checking https://lazylogic.netlify.app ...
[2025-10-29 20:00:58] ⚠️ Ping failed for lazylogic.netlify.app — possible network issue.
[2025-10-29 20:00:58] 🔎 Checking https://lazylogic.org ...
[2025-10-29 20:00:58] ✅ https://lazylogic.org verified clean and reachable.
[2025-10-29 20:16:20] 🔎 Checking https://lazylogic.netlify.app ...
[2025-10-29 20:16:20] ⚠️ Ping failed for lazylogic.netlify.app — possible network issue.
[2025-10-29 20:16:20] 🔎 Checking https://lazylogic.org ...
[2025-10-29 20:16:20] ✅ https://lazylogic.org verified clean and reachable.
[2025-10-29 20:30:03] 🔎 Checking https://lazylogic.netlify.app ...
[2025-10-29 20:30:03] ⚠️ Ping failed for lazylogic.netlify.app — possible network issue.
[2025-10-29 20:30:03] 🔎 Checking https://lazylogic.org ...
[2025-10-29 20:30:03] ✅ https://lazylogic.org verified clean and reachable.
[2025-10-30 02:30:36] 🔎 Checking https://lazylogic.netlify.app ...
[2025-10-30 02:30:36] ⚠️ Ping failed for lazylogic.netlify.app — possible network issue.
[2025-10-30 02:30:36] 🔎 Checking https://lazylogic.org ...
[2025-10-30 02:30:36] ✅ https://lazylogic.org verified clean and reachable.
[2025-10-30 02:45:13] 🔎 Checking https://lazylogic.netlify.app ...
[2025-10-30 02:45:13] ⚠️ Ping failed for lazylogic.netlify.app — possible network issue.
[2025-10-30 02:45:13] 🔎 Checking https://lazylogic.org ...
[2025-10-30 02:45:13] ✅ https://lazylogic.org verified clean and reachable.
[2025-10-30 03:00:49] 🔎 Checking https://lazylogic.netlify.app ...
[2025-10-30 03:00:49] ⚠️ Ping failed for lazylogic.netlify.app — possible network issue.
[2025-10-30 03:00:49] 🔎 Checking https://lazylogic.org ...
[2025-10-30 03:00:49] ✅ https://lazylogic.org verified clean and reachable.
[2025-10-30 03:30:00] 🔎 Checking https://lazylogic.netlify.app ...
[2025-10-30 03:30:00] ⚠️ Ping failed for lazylogic.netlify.app — possible network issue.
[2025-10-30 03:30:00] 🔎 Checking https://lazylogic.org ...
[2025-10-30 03:30:00] ✅ https://lazylogic.org verified clean and reachable.
[2025-10-30 03:45:15] 🔎 Checking https://lazylogic.netlify.app ...
[2025-10-30 03:45:15] ⚠️ Ping failed for lazylogic.netlify.app — possible network issue.
[2025-10-30 03:45:15] 🔎 Checking https://lazylogic.org ...
[2025-10-30 03:45:15] ✅ https://lazylogic.org verified clean and reachable.
[2025-10-30 04:15:36] 🔎 Checking https://lazylogic.netlify.app ...
[2025-10-30 04:15:36] ⚠️ Ping failed for lazylogic.netlify.app — possible network issue.
[2025-10-30 04:15:36] 🔎 Checking https://lazylogic.org ...
[2025-10-30 04:15:36] ✅ https://lazylogic.org verified clean and reachable.
[2025-10-30 04:32:31] 🔎 Checking https://lazylogic.netlify.app ...
[2025-10-30 04:32:31] ⚠️ Ping failed for lazylogic.netlify.app — possible network issue.
[2025-10-30 04:32:31] 🔎 Checking https://lazylogic.org ...
[2025-10-30 04:32:31] ✅ https://lazylogic.org verified clean and reachable.
[2025-10-30 04:45:06] 🔎 Checking https://lazylogic.netlify.app ...
[2025-10-30 04:45:06] ⚠️ Ping failed for lazylogic.netlify.app — possible network issue.
[2025-10-30 04:45:06] 🔎 Checking https://lazylogic.org ...
[2025-10-30 04:45:06] ✅ https://lazylogic.org verified clean and reachable.
[2025-10-30 05:03:06] 🔎 Checking https://lazylogic.netlify.app ...
[2025-10-30 05:03:06] ⚠️ Ping failed for lazylogic.netlify.app — possible network issue.
[2025-10-30 05:03:06] 🔎 Checking https://lazylogic.org ...
[2025-10-30 05:03:06] ✅ https://lazylogic.org verified clean and reachable.
[2025-10-30 05:15:38] 🔎 Checking https://lazylogic.netlify.app ...
[2025-10-30 05:15:38] ⚠️ Ping failed for lazylogic.netlify.app — possible network issue.
[2025-10-30 05:15:38] 🔎 Checking https://lazylogic.org ...
[2025-10-30 05:15:38] ✅ https://lazylogic.org verified clean and reachable.
[2025-10-30 05:30:18] 🔎 Checking https://lazylogic.netlify.app ...
[2025-10-30 05:30:18] ⚠️ Ping failed for lazylogic.netlify.app — possible network issue.
[2025-10-30 05:30:18] 🔎 Checking https://lazylogic.org ...
[2025-10-30 05:30:18] ✅ https://lazylogic.org verified clean and reachable.
[2025-10-30 06:00:25] 🔎 Checking https://lazylogic.netlify.app ...
[2025-10-30 06:00:25] ⚠️ Ping failed for lazylogic.netlify.app — possible network issue.
[2025-10-30 06:00:25] 🔎 Checking https://lazylogic.org ...
[2025-10-30 06:00:25] ✅ https://lazylogic.org verified clean and reachable.
[2025-10-30 06:16:52] 🔎 Checking https://lazylogic.netlify.app ...
[2025-10-30 06:16:52] ⚠️ Ping failed for lazylogic.netlify.app — possible network issue.
[2025-10-30 06:16:52] 🔎 Checking https://lazylogic.org ...
[2025-10-30 06:16:52] ✅ https://lazylogic.org verified clean and reachable.
[2025-10-30 06:30:36] 🔎 Checking https://lazylogic.netlify.app ...
[2025-10-30 06:30:36] ⚠️ Ping failed for lazylogic.netlify.app — possible network issue.
[2025-10-30 06:30:36] 🔎 Checking https://lazylogic.org ...
[2025-10-30 06:30:36] ✅ https://lazylogic.org verified clean and reachable.
[2025-10-30 06:48:33] 🔎 Checking https://lazylogic.netlify.app ...
[2025-10-30 06:48:33] ⚠️ Ping failed for lazylogic.netlify.app — possible network issue.
[2025-10-30 06:48:33] 🔎 Checking https://lazylogic.org ...
[2025-10-30 06:48:33] ✅ https://lazylogic.org verified clean and reachable.
[2025-10-30 07:00:02] 🔎 Checking https://lazylogic.netlify.app ...
[2025-10-30 07:00:02] ⚠️ Ping failed for lazylogic.netlify.app — possible network issue.
[2025-10-30 07:00:02] 🔎 Checking https://lazylogic.org ...
[2025-10-30 07:00:02] ✅ https://lazylogic.org verified clean and reachable.
[2025-10-30 07:16:17] 🔎 Checking https://lazylogic.netlify.app ...
[2025-10-30 07:16:17] ⚠️ Ping failed for lazylogic.netlify.app — possible network issue.
[2025-10-30 07:16:17] 🔎 Checking https://lazylogic.org ...
[2025-10-30 07:16:17] ✅ https://lazylogic.org verified clean and reachable.
[2025-10-30 07:30:00] 🔎 Checking https://lazylogic.netlify.app ...
[2025-10-30 07:30:00] ⚠️ Ping failed for lazylogic.netlify.app — possible network issue.
[2025-10-30 07:30:00] 🔎 Checking https://lazylogic.org ...
[2025-10-30 07:30:00] ✅ https://lazylogic.org verified clean and reachable.
[2025-10-30 07:45:26] 🔎 Checking https://lazylogic.netlify.app ...
[2025-10-30 07:45:26] ⚠️ Ping failed for lazylogic.netlify.app — possible network issue.
[2025-10-30 07:45:26] 🔎 Checking https://lazylogic.org ...
[2025-10-30 07:45:26] ✅ https://lazylogic.org verified clean and reachable.
[2025-10-30 08:00:55] 🔎 Checking https://lazylogic.netlify.app ...
[2025-10-30 08:00:55] ⚠️ Ping failed for lazylogic.netlify.app — possible network issue.
[2025-10-30 08:00:55] 🔎 Checking https://lazylogic.org ...
[2025-10-30 08:00:55] ✅ https://lazylogic.org verified clean and reachable.
[2025-10-30 08:17:02] 🔎 Checking https://lazylogic.netlify.app ...
[2025-10-30 08:17:02] ⚠️ Ping failed for lazylogic.netlify.app — possible network issue.
[2025-10-30 08:17:02] 🔎 Checking https://lazylogic.org ...
[2025-10-30 08:17:02] ✅ https://lazylogic.org verified clean and reachable.
[2025-10-30 08:30:28] 🔎 Checking https://lazylogic.netlify.app ...
[2025-10-30 08:30:28] ⚠️ Ping failed for lazylogic.netlify.app — possible network issue.
[2025-10-30 08:30:28] 🔎 Checking https://lazylogic.org ...
[2025-10-30 08:30:28] ✅ https://lazylogic.org verified clean and reachable.
[2025-10-30 08:46:41] 🔎 Checking https://lazylogic.netlify.app ...
[2025-10-30 08:46:41] ⚠️ Ping failed for lazylogic.netlify.app — possible network issue.
[2025-10-30 08:46:41] 🔎 Checking https://lazylogic.org ...
[2025-10-30 08:46:41] ✅ https://lazylogic.org verified clean and reachable.
[2025-10-30 09:00:00] 🔎 Checking https://lazylogic.netlify.app ...
[2025-10-30 09:00:00] ⚠️ Ping failed for lazylogic.netlify.app — possible network issue.
[2025-10-30 09:00:00] 🔎 Checking https://lazylogic.org ...
[2025-10-30 09:00:00] ✅ https://lazylogic.org verified clean and reachable.
[2025-10-30 09:18:58] 🔎 Checking https://lazylogic.netlify.app ...
[2025-10-30 09:18:58] ⚠️ Ping failed for lazylogic.netlify.app — possible network issue.
[2025-10-30 09:18:58] 🔎 Checking https://lazylogic.org ...
[2025-10-30 09:18:58] ✅ https://lazylogic.org verified clean and reachable.
[2025-10-30 09:45:10] 🔎 Checking https://lazylogic.netlify.app ...
[2025-10-30 09:45:10] ⚠️ Ping failed for lazylogic.netlify.app — possible network issue.
[2025-10-30 09:45:10] 🔎 Checking https://lazylogic.org ...
[2025-10-30 09:45:10] ✅ https://lazylogic.org verified clean and reachable.
[2025-10-30 10:04:44] 🔎 Checking https://lazylogic.netlify.app ...
[2025-10-30 10:04:44] ⚠️ Ping failed for lazylogic.netlify.app — possible network issue.
[2025-10-30 10:04:44] 🔎 Checking https://lazylogic.org ...
[2025-10-30 10:04:44] ✅ https://lazylogic.org verified clean and reachable.
[2025-10-30 19:30:00] 🔎 Checking https://lazylogic.netlify.app ...
[2025-10-30 19:30:00] ⚠️ Ping failed for lazylogic.netlify.app — possible network issue.
[2025-10-30 19:30:00] 🔎 Checking https://lazylogic.org ...
[2025-10-30 19:30:00] ✅ https://lazylogic.org verified clean and reachable.
[2025-10-30 19:45:00] 🔎 Checking https://lazylogic.netlify.app ...
[2025-10-30 19:45:00] ⚠️ Ping failed for lazylogic.netlify.app — possible network issue.
[2025-10-30 19:45:00] 🔎 Checking https://lazylogic.org ...
[2025-10-30 19:45:00] ✅ https://lazylogic.org verified clean and reachable.
